Build started 22.01.2018 09:21:47.
     1>Project "H:\gkom v2-20180108T105958Z-001\gkom v2\ConsoleApplication1\ConsoleApplication1.vcxproj" on node 2 (Build target(s)).
     1>ClCompile:
         C:\Program Files (x86)\Microsoft Visual Studio 12.0\VC\bin\CL.exe /c /I"H:\gkom v2-20180108T105958Z-001\gkom v2\ConsoleApplication1\Include" /I"H:\gkom v2-20180108T105958Z-001\gkom v2\ConsoleApplication1\glm" /ZI /nologo /W3 /WX- /Od /Oy- /D WIN32 /D _DEBUG /D _CONSOLE /D _UNICODE /D UNICODE /Gm /EHsc /RTC1 /MDd /GS /fp:precise /Zc:wchar_t /Zc:forScope /Fo"Debug\\" /Fd"Debug\vc120.pdb" /Gd /TP /analyze- /errorReport:prompt main.cpp
         main.cpp
     1>h:\gkom v2-20180108t105958z-001\gkom v2\consoleapplication1\main.cpp(18): warning C4305: 'initializing' : truncation from 'double' to 'const float'
     1>h:\gkom v2-20180108t105958z-001\gkom v2\consoleapplication1\main.cpp(423): warning C4244: 'initializing' : conversion from 'double' to 'GLfloat', possible loss of data
     1>h:\gkom v2-20180108t105958z-001\gkom v2\consoleapplication1\main.cpp(628): warning C4305: '-=' : truncation from 'double' to 'GLfloat'
     1>h:\gkom v2-20180108t105958z-001\gkom v2\consoleapplication1\main.cpp(631): warning C4305: '+=' : truncation from 'double' to 'GLfloat'
     1>h:\gkom v2-20180108t105958z-001\gkom v2\consoleapplication1\main.cpp(654): warning C4244: '=' : conversion from 'double' to 'GLfloat', possible loss of data
     1>h:\gkom v2-20180108t105958z-001\gkom v2\consoleapplication1\main.cpp(655): warning C4244: '=' : conversion from 'double' to 'GLfloat', possible loss of data
     1>h:\gkom v2-20180108t105958z-001\gkom v2\consoleapplication1\main.cpp(659): warning C4244: 'initializing' : conversion from 'double' to 'GLfloat', possible loss of data
     1>h:\gkom v2-20180108t105958z-001\gkom v2\consoleapplication1\main.cpp(660): warning C4244: 'initializing' : conversion from 'double' to 'GLfloat', possible loss of data
     1>h:\gkom v2-20180108t105958z-001\gkom v2\consoleapplication1\main.cpp(662): warning C4244: '=' : conversion from 'double' to 'GLfloat', possible loss of data
     1>h:\gkom v2-20180108t105958z-001\gkom v2\consoleapplication1\main.cpp(663): warning C4244: '=' : conversion from 'double' to 'GLfloat', possible loss of data
     1>h:\gkom v2-20180108t105958z-001\gkom v2\consoleapplication1\main.cpp(690): warning C4244: '=' : conversion from 'int' to 'GLfloat', possible loss of data
     1>h:\gkom v2-20180108t105958z-001\gkom v2\consoleapplication1\main.cpp(699): warning C4244: '=' : conversion from 'int' to 'GLfloat', possible loss of data
       Link:
         C:\Program Files (x86)\Microsoft Visual Studio 12.0\VC\bin\link.exe /ERRORREPORT:PROMPT /OUT:"H:\gkom v2-20180108T105958Z-001\gkom v2\ConsoleApplication1\Debug\ConsoleApplication1.exe" /INCREMENTAL /NOLOGO /LIBPATH:"H:\gkom v2-20180108T105958Z-001\gkom v2\ConsoleApplication1\Lib" opengl32.lib glfw3.lib kernel32.lib user32.lib gdi32.lib winspool.lib comdlg32.lib advapi32.lib shell32.lib ole32.lib oleaut32.lib uuid.lib odbc32.lib odbccp32.lib /MANIFEST /MANIFESTUAC:"level='asInvoker' uiAccess='false'" /manifest:embed /DEBUG /PDB:"H:\gkom v2-20180108T105958Z-001\gkom v2\ConsoleApplication1\Debug\ConsoleApplication1.pdb" /SUBSYSTEM:CONSOLE /TLBID:1 /DYNAMICBASE /NXCOMPAT /IMPLIB:"H:\gkom v2-20180108T105958Z-001\gkom v2\ConsoleApplication1\Debug\ConsoleApplication1.lib" /MACHINE:X86 Debug\main.obj
         ConsoleApplication1.vcxproj -> H:\gkom v2-20180108T105958Z-001\gkom v2\ConsoleApplication1\Debug\ConsoleApplication1.exe
     1>Done Building Project "H:\gkom v2-20180108T105958Z-001\gkom v2\ConsoleApplication1\ConsoleApplication1.vcxproj" (Build target(s)).

Build succeeded.

Time Elapsed 00:00:02.61
