C:\USERS\SUPADMIN\DESKTOP\LEARNOPENGL.COM\MY_SANDBOX\CONSOLEAPPLICATION1\CONSOLEAPPLICATION1\DEBUG\MAIN.OBJ
C:\USERS\SUPADMIN\DESKTOP\LEARNOPENGL.COM\MY_SANDBOX\CONSOLEAPPLICATION1\CONSOLEAPPLICATION1\DEBUG\VC110.PDB
C:\USERS\SUPADMIN\DESKTOP\LEARNOPENGL.COM\MY_SANDBOX\CONSOLEAPPLICATION1\DEBUG\CONSOLEAPPLICATION1.ILK
C:\USERS\SUPADMIN\DESKTOP\LEARNOPENGL.COM\MY_SANDBOX\CONSOLEAPPLICATION1\DEBUG\CONSOLEAPPLICATION1.EXE
C:\USERS\SUPADMIN\DESKTOP\LEARNOPENGL.COM\MY_SANDBOX\CONSOLEAPPLICATION1\DEBUG\CONSOLEAPPLICATION1.PDB
C:\Users\SupAdmin\Desktop\learnopengl.com\MY_Sandbox\ConsoleApplication1\ConsoleApplication1\Debug\main.obj
C:\Users\SupAdmin\Desktop\learnopengl.com\MY_Sandbox\ConsoleApplication1\ConsoleApplication1\Debug\cl.command.1.tlog
C:\Users\SupAdmin\Desktop\learnopengl.com\MY_Sandbox\ConsoleApplication1\ConsoleApplication1\Debug\CL.read.1.tlog
C:\Users\SupAdmin\Desktop\learnopengl.com\MY_Sandbox\ConsoleApplication1\ConsoleApplication1\Debug\CL.write.1.tlog
C:\Users\SupAdmin\Desktop\learnopengl.com\MY_Sandbox\ConsoleApplication1\ConsoleApplication1\Debug\link-cvtres.read.1.tlog
C:\Users\SupAdmin\Desktop\learnopengl.com\MY_Sandbox\ConsoleApplication1\ConsoleApplication1\Debug\link-cvtres.write.1.tlog
C:\Users\SupAdmin\Desktop\learnopengl.com\MY_Sandbox\ConsoleApplication1\ConsoleApplication1\Debug\link-rc.read.1.tlog
C:\Users\SupAdmin\Desktop\learnopengl.com\MY_Sandbox\ConsoleApplication1\ConsoleApplication1\Debug\link-rc.write.1.tlog
C:\Users\SupAdmin\Desktop\learnopengl.com\MY_Sandbox\ConsoleApplication1\ConsoleApplication1\Debug\link.9244-cvtres.read.1.tlog
C:\Users\SupAdmin\Desktop\learnopengl.com\MY_Sandbox\ConsoleApplication1\ConsoleApplication1\Debug\link.9244-cvtres.write.1.tlog
C:\Users\SupAdmin\Desktop\learnopengl.com\MY_Sandbox\ConsoleApplication1\ConsoleApplication1\Debug\link.9244-rc.read.1.tlog
C:\Users\SupAdmin\Desktop\learnopengl.com\MY_Sandbox\ConsoleApplication1\ConsoleApplication1\Debug\link.9244-rc.write.1.tlog
C:\Users\SupAdmin\Desktop\learnopengl.com\MY_Sandbox\ConsoleApplication1\ConsoleApplication1\Debug\link.9244.read.1.tlog
C:\Users\SupAdmin\Desktop\learnopengl.com\MY_Sandbox\ConsoleApplication1\ConsoleApplication1\Debug\link.9244.read.2.tlog
C:\Users\SupAdmin\Desktop\learnopengl.com\MY_Sandbox\ConsoleApplication1\ConsoleApplication1\Debug\link.9244.write.1.tlog
C:\Users\SupAdmin\Desktop\learnopengl.com\MY_Sandbox\ConsoleApplication1\ConsoleApplication1\Debug\link.9944-cvtres.read.1.tlog
C:\Users\SupAdmin\Desktop\learnopengl.com\MY_Sandbox\ConsoleApplication1\ConsoleApplication1\Debug\link.9944-cvtres.write.1.tlog
C:\Users\SupAdmin\Desktop\learnopengl.com\MY_Sandbox\ConsoleApplication1\ConsoleApplication1\Debug\link.9944-rc.read.1.tlog
C:\Users\SupAdmin\Desktop\learnopengl.com\MY_Sandbox\ConsoleApplication1\ConsoleApplication1\Debug\link.9944-rc.write.1.tlog
C:\Users\SupAdmin\Desktop\learnopengl.com\MY_Sandbox\ConsoleApplication1\ConsoleApplication1\Debug\link.9944.read.1.tlog
C:\Users\SupAdmin\Desktop\learnopengl.com\MY_Sandbox\ConsoleApplication1\ConsoleApplication1\Debug\link.9944.write.1.tlog
C:\Users\SupAdmin\Desktop\learnopengl.com\MY_Sandbox\ConsoleApplication1\ConsoleApplication1\Debug\link.command.1.tlog
C:\Users\SupAdmin\Desktop\learnopengl.com\MY_Sandbox\ConsoleApplication1\ConsoleApplication1\Debug\link.read.1.tlog
C:\Users\SupAdmin\Desktop\learnopengl.com\MY_Sandbox\ConsoleApplication1\ConsoleApplication1\Debug\link.read.2.tlog
C:\Users\SupAdmin\Desktop\learnopengl.com\MY_Sandbox\ConsoleApplication1\ConsoleApplication1\Debug\link.write.1.tlog
C:\Users\SupAdmin\Desktop\learnopengl.com\MY_Sandbox\ConsoleApplication1\ConsoleApplication1\Debug\vc110.idb
C:\Users\SupAdmin\Desktop\learnopengl.com\MY_Sandbox\ConsoleApplication1\ConsoleApplication1\Debug\vc110.pdb
C:\Users\SupAdmin\Desktop\learnopengl.com\MY_Sandbox\ConsoleApplication1\Debug\ConsoleApplication1.pdb
C:\Users\SupAdmin\Desktop\learnopengl.com\MY_Sandbox\ConsoleApplication1\Debug\ConsoleApplication1.exe
C:\Users\SupAdmin\Desktop\learnopengl.com\MY_Sandbox\ConsoleApplication1\Debug\ConsoleApplication1.ilk
